<?xml version="1.0" encoding="UTF-8"?>
<testng-results ignored="0" total="1" passed="1" failed="0" skipped="0">
  <reporter-output>
  </reporter-output>
  <suite started-at="2019-08-29T19:43:47Z" name="Default suite" finished-at="2019-08-29T19:43:49Z" duration-ms="2102">
    <groups>
    </groups>
    <test started-at="2019-08-29T19:43:47Z" name="Default test" finished-at="2019-08-29T19:43:49Z" duration-ms="2102">
      <class name="com.testing.APITest.POSTAPITest">
        <test-method is-config="true" signature="setup()[pri:0, instance:com.testing.APITest.POSTAPITest@14ec4505]" started-at="2019-08-29T19:43:47Z" name="setup" finished-at="2019-08-29T19:43:47Z" duration-ms="12" status="PASS">
          <reporter-output>
          </reporter-output>
        </test-method> <!-- setup -->
        <test-method signature="PostApiTest()[pri:0, instance:com.testing.APITest.POSTAPITest@14ec4505]" started-at="2019-08-29T19:43:47Z" name="PostApiTest" finished-at="2019-08-29T19:43:49Z" duration-ms="2006" status="PASS">
          <reporter-output>
          </reporter-output>
        </test-method> <!-- PostApiTest -->
      </class> <!-- com.testing.APITest.POSTAPITest -->
    </test> <!-- Default test -->
  </suite> <!-- Default suite -->
</testng-results>
